  LoadShaders.cpp
  Project.cpp
C:\Users\Zack\Documents\GitHub\2020-comp3016-cw2-Fich019\Shaders.h(55,40): warning C4101: 'e': unreferenced local variable
C:\Users\Zack\Documents\GitHub\2020-comp3016-cw2-Fich019\Project.cpp(94,28): warning C4244: 'initializing': conversion from 'double' to 'float', possible loss of data
C:\Users\Zack\Documents\GitHub\2020-comp3016-cw2-Fich019\Project.cpp(322,31): warning C4244: 'argument': conversion from 'double' to 'float', possible loss of data
C:\Users\Zack\Documents\GitHub\2020-comp3016-cw2-Fich019\Project.cpp(348,17): warning C4244: '=': conversion from 'double' to 'float', possible loss of data
C:\Users\Zack\Documents\GitHub\2020-comp3016-cw2-Fich019\Project.cpp(349,17): warning C4244: '=': conversion from 'double' to 'float', possible loss of data
C:\Users\Zack\Documents\GitHub\2020-comp3016-cw2-Fich019\Project.cpp(353,19): warning C4244: 'initializing': conversion from 'double' to 'float', possible loss of data
C:\Users\Zack\Documents\GitHub\2020-comp3016-cw2-Fich019\Project.cpp(354,19): warning C4244: 'initializing': conversion from 'double' to 'float', possible loss of data
C:\Users\Zack\Documents\GitHub\2020-comp3016-cw2-Fich019\Project.cpp(356,13): warning C4244: '=': conversion from 'double' to 'float', possible loss of data
C:\Users\Zack\Documents\GitHub\2020-comp3016-cw2-Fich019\Project.cpp(357,13): warning C4244: '=': conversion from 'double' to 'float', possible loss of data
C:\Users\Zack\Documents\GitHub\2020-comp3016-cw2-Fich019\Project.cpp(729,25): warning C4244: '=': conversion from 'int' to 'T', possible loss of data
          with
          [
              T=float
          ]
C:\Users\Zack\Documents\GitHub\2020-comp3016-cw2-Fich019\Project.cpp(730,25): warning C4244: '=': conversion from 'int' to 'T', possible loss of data
          with
          [
              T=float
          ]
LINK : warning LNK4098: defaultlib 'LIBCMT' conflicts with use of other libs; use /NODEFAULTLIB:library
  Generating code
  Previous IPDB not found, fall back to full compilation.
  All 279 functions were compiled because no usable IPDB/IOBJ from previous compilation was found.
  Finished generating code
glew32s.lib(glew.obj) : warning LNK4099: PDB 'glew_static.pdb' was not found with 'glew32s.lib(glew.obj)' or at 'C:\Users\Zack\Documents\GitHub\2020-comp3016-cw2-Fich019\Release\glew_static.pdb'; linking object as if no debug info
  Coursework2.vcxproj -> C:\Users\Zack\Documents\GitHub\2020-comp3016-cw2-Fich019\Release\Coursework2.exe
